CS240: lab6. cs240 Sun Feb 19 22:56:05 EST 2017  Total:  6 of 36

CS240: lab6. ysubrama Wed 05 Oct 2022 04:06:16 PM EDT  Total:  6 of 36

CS240: lab6. ysubrama Wed 05 Oct 2022 09:30:51 PM EDT  Total:  9 of 36

CS240: lab6. ysubrama Wed 05 Oct 2022 09:42:39 PM EDT  Total:  9 of 36

CS240: lab6. ysubrama Wed 05 Oct 2022 09:52:17 PM EDT  Total:  9 of 36

CS240: lab6. ysubrama Wed 05 Oct 2022 09:57:56 PM EDT  Total:  9 of 36

CS240: lab6. ysubrama Wed 05 Oct 2022 10:05:17 PM EDT  Total:  9 of 36

CS240: lab6. ysubrama Wed 05 Oct 2022 10:22:15 PM EDT  Total:  9 of 36

CS240: lab6. ysubrama Wed 05 Oct 2022 10:36:41 PM EDT  Total:  9 of 36

CS240: lab6. ysubrama Wed 05 Oct 2022 10:46:48 PM EDT  Total:  9 of 36

CS240: lab6. ysubrama Wed 05 Oct 2022 11:10:50 PM EDT  Total:  9 of 36

CS240: lab6. ysubrama Thu 06 Oct 2022 12:32:58 PM EDT  Total:  9 of 36

CS240: lab6. ysubrama Thu 06 Oct 2022 12:35:22 PM EDT  Total:  9 of 36

CS240: lab6. ysubrama Thu 06 Oct 2022 12:53:20 PM EDT  Total:  9 of 36

CS240: lab6. ysubrama Fri 07 Oct 2022 06:19:28 AM EDT  Total:  9 of 36

CS240: lab6. ysubrama Fri 07 Oct 2022 06:25:14 AM EDT  Total:  12 of 36

CS240: lab6. ysubrama Fri 07 Oct 2022 06:59:05 AM EDT  Total:  12 of 36

CS240: lab6. ysubrama Fri 07 Oct 2022 07:09:38 AM EDT  Total:  12 of 36

CS240: lab6. ysubrama Fri 07 Oct 2022 07:10:30 AM EDT  Total:  15 of 36

CS240: lab6. ysubrama Fri 07 Oct 2022 07:17:39 AM EDT  Total:  18 of 36

CS240: lab6. ysubrama Fri 07 Oct 2022 07:23:12 AM EDT  Total:  21 of 36

CS240: lab6. ysubrama Fri 07 Oct 2022 07:55:09 AM EDT  Total:  21 of 36

CS240: lab6. ysubrama Fri 07 Oct 2022 08:34:05 AM EDT  Total:  21 of 36

CS240: lab6. ysubrama Fri 07 Oct 2022 08:47:23 AM EDT  Total:  21 of 36

CS240: lab6. ysubrama Fri 07 Oct 2022 08:50:53 AM EDT  Total:  21 of 36

CS240: lab6. ysubrama Fri 07 Oct 2022 09:06:12 AM EDT  Total:  21 of 36

CS240: lab6. ysubrama Fri 07 Oct 2022 09:07:22 AM EDT  Total:  24 of 36

CS240: lab6. ysubrama Fri 07 Oct 2022 09:40:41 AM EDT  Total:  24 of 36

CS240: lab6. ysubrama Fri 07 Oct 2022 10:21:06 AM EDT  Total:  24 of 36

CS240: lab6. ysubrama Fri 07 Oct 2022 10:25:01 AM EDT  Total:  24 of 36

CS240: lab6. ysubrama Fri 07 Oct 2022 10:47:38 AM EDT  Total:  24 of 36

CS240: lab6. ysubrama Fri 07 Oct 2022 10:50:23 AM EDT  Total:  27 of 36

CS240: lab6. ysubrama Fri 07 Oct 2022 11:12:08 AM EDT  Total:  27 of 36

CS240: lab6. ysubrama Fri 07 Oct 2022 11:17:09 AM EDT  Total:  27 of 36

CS240: lab6. ysubrama Fri 07 Oct 2022 03:11:52 PM EDT  Total:  27 of 36

CS240: lab6. ysubrama Sat 08 Oct 2022 12:19:40 PM EDT  Total:  27 of 36

CS240: lab6. ysubrama Sat 08 Oct 2022 12:51:21 PM EDT  Total:  27 of 36

CS240: lab6. ysubrama Sat 08 Oct 2022 12:51:33 PM EDT  Total:  27 of 36

CS240: lab6. ysubrama Sat 08 Oct 2022 12:52:08 PM EDT  Total:  27 of 36

CS240: lab6. ysubrama Sat 08 Oct 2022 12:52:45 PM EDT  Total:  27 of 36

CS240: lab6. ysubrama Sat 08 Oct 2022 12:56:14 PM EDT  Total:  27 of 36

CS240: lab6. ysubrama Sat 08 Oct 2022 01:00:27 PM EDT  Total:  27 of 36

CS240: lab6. ysubrama Sat 08 Oct 2022 01:03:45 PM EDT  Total:  27 of 36

CS240: lab6. ysubrama Sat 08 Oct 2022 01:05:00 PM EDT  Total:  27 of 36

CS240: lab6. ysubrama Sat 08 Oct 2022 01:07:12 PM EDT  Total:  27 of 36

CS240: lab6. ysubrama Sat 08 Oct 2022 01:09:19 PM EDT  Total:  27 of 36

CS240: lab6. ysubrama Sat 08 Oct 2022 02:47:25 PM EDT  Total:  30 of 36

CS240: lab6. ysubrama Sat 08 Oct 2022 03:11:24 PM EDT  Total:  30 of 36

CS240: lab6. ysubrama Sat 08 Oct 2022 03:16:12 PM EDT  Total:  30 of 36

CS240: lab6. ysubrama Sat 08 Oct 2022 06:02:09 PM EDT  Total:  30 of 36

CS240: lab6. ysubrama Sat 08 Oct 2022 06:13:40 PM EDT  Total:  30 of 36

CS240: lab6. ysubrama Sat 08 Oct 2022 06:19:50 PM EDT  Total:  30 of 36

CS240: lab6. ysubrama Sat 08 Oct 2022 06:30:00 PM EDT  Total:  30 of 36

CS240: lab6. ysubrama Sat 08 Oct 2022 06:35:15 PM EDT  Total:  33 of 36

CS240: lab6. ysubrama Sat 08 Oct 2022 07:11:22 PM EDT  Total:  33 of 36

CS240: lab6. ysubrama Sat 08 Oct 2022 07:14:17 PM EDT  Total:  33 of 36

CS240: lab6. ysubrama Sat 08 Oct 2022 07:18:44 PM EDT  Total:  33 of 36

CS240: lab6. ysubrama Sat 08 Oct 2022 07:34:20 PM EDT  Total:  36 of 36

CS240: lab6. ysubrama Sat 08 Oct 2022 09:12:16 PM EDT  Total:  36 of 36

CS240: lab6. ysubrama Wed 12 Oct 2022 01:12:40 PM EDT  Total:  36 of 36

CS240: lab6. ysubrama Wed 12 Oct 2022 02:15:10 PM EDT  Total:  36 of 36

CS240: lab6. ysubrama Wed 12 Oct 2022 03:01:58 PM EDT  Total:  36 of 36

CS240: lab6. ysubrama Thu 13 Oct 2022 11:54:48 AM EDT  Total:  36 of 36

CS240: lab6. ysubrama Tue 25 Oct 2022 11:28:04 AM EDT  Total:  36 of 36

